[01:38:12] [main/INFO]: Setting user: Player373
[01:38:13] [Client thread/INFO]: LWJGL Version: 2.9.1
[01:38:18] [Client thread/INFO]: Reloading ResourceManager: Default, FMLFileResourcePack:Forge Mod Loader, FMLFileResourcePack:Minecraft Forge, FMLFileResourcePack:KinetiCraft2
[01:38:19] [Sound Library Loader/INFO]: Sound engine started
[01:38:21] [Client thread/INFO]: Created: 512x256 textures/blocks-atlas
[01:38:21] [Client thread/INFO]: Created: 256x256 textures/items-atlas
[01:38:22] [Client thread/INFO]: Reloading ResourceManager: Default, FMLFileResourcePack:Forge Mod Loader, FMLFileResourcePack:Minecraft Forge, FMLFileResourcePack:KinetiCraft2
[01:38:22] [Client thread/INFO]: Created: 512x256 textures/blocks-atlas
[01:38:22] [Client thread/INFO]: Created: 256x256 textures/items-atlas
[01:38:23] [Sound Library Loader/INFO]: Sound engine started
[01:38:26] [Server thread/INFO]: Starting integrated minecraft server version 1.7.10
[01:38:26] [Server thread/INFO]: Generating keypair
[01:38:26] [Server thread/INFO]: Preparing start region for level 0
[01:38:27] [Server thread/INFO]: Changing view distance to 12, from 10
[01:38:28] [Server thread/INFO]: Player373[local:E:d3d21aa6] logged in with entity id 307 at (-640.8043895541875, 4.0, 1031.1819634510057)
[01:38:28] [Server thread/INFO]: Player373 joined the game
[01:38:29] [Server thread/INFO]: Player373 has just earned the achievement [Taking Inventory]
[01:38:29] [Client thread/INFO]: [CHAT] Player373 has just earned the achievement [Taking Inventory]
[01:39:06] [Server thread/INFO]: Saving and pausing game...
[01:39:06] [Server thread/INFO]: Saving chunks for level 'New World'/Overworld
[01:39:06] [Server thread/INFO]: Saving chunks for level 'New World'/Nether
[01:39:06] [Server thread/INFO]: Saving chunks for level 'New World'/The End
[01:39:07] [Server thread/INFO]: Stopping server
[01:39:07] [Server thread/INFO]: Saving players
[01:39:07] [Server thread/INFO]: Saving worlds
[01:39:07] [Server thread/INFO]: Saving chunks for level 'New World'/Overworld
[01:39:07] [Server thread/INFO]: Saving chunks for level 'New World'/Nether
[01:39:07] [Server thread/INFO]: Saving chunks for level 'New World'/The End
[01:39:08] [Client thread/INFO]: Stopping!
